python : Traceback (most 
recent call last):
At line:1 char:1
+ python app.py > error.log 
2>&1
+ ~~~~~~~~~~~~~~~~~~~~~~~~~~~
~~~
    + CategoryInfo           
   : NotSpecified    : 
(Traceback (most     recent 
call last)::    String) [], 
RemoteE    xception
    + FullyQualifiedErr    
orId : NativeComman    dError
 
  File "E:\project\task-api\a
pp.py", line 3, in <module>
    from models import db
  File "E:\project\task-api\m
odels.py", line 1, in 
<module>
    from flask_sqlalchemy 
import SQLAlchemy
  File "C:\Users\Samyukta\App
Data\Local\Programs\Python\Py
thon313\Lib\site-packages\fla
sk_sqlalchemy\__init__.py", 
line 5, in <module>
    from .extension import 
SQLAlchemy
  File "C:\Users\Samyukta\App
Data\Local\Programs\Python\Py
thon313\Lib\site-packages\fla
sk_sqlalchemy\extension.py", 
line 9, in <module>
    import sqlalchemy as sa
  File "C:\Users\Samyukta\App
Data\Local\Programs\Python\Py
thon313\Lib\site-packages\sql
alchemy\__init__.py", line 
13, in <module>
    from .engine import 
AdaptedConnection as 
AdaptedConnection
  File "C:\Users\Samyukta\App
Data\Local\Programs\Python\Py
thon313\Lib\site-packages\sql
alchemy\engine\__init__.py", 
line 18, in <module>
    from . import events as 
events
  File "C:\Users\Samyukta\App
Data\Local\Programs\Python\Py
thon313\Lib\site-packages\sql
alchemy\engine\events.py", 
line 19, in <module>
    from .base import 
Connection
  File "C:\Users\Samyukta\App
Data\Local\Programs\Python\Py
thon313\Lib\site-packages\sql
alchemy\engine\base.py", 
line 30, in <module>
    from .interfaces import 
BindTyping
  File "C:\Users\Samyukta\App
Data\Local\Programs\Python\Py
thon313\Lib\site-packages\sql
alchemy\engine\interfaces.py"
, line 38, in <module>
    from ..sql.compiler 
import Compiled as Compiled
  File "C:\Users\Samyukta\App
Data\Local\Programs\Python\Py
thon313\Lib\site-packages\sql
alchemy\sql\__init__.py", 
line 14, in <module>
    from .compiler import 
COLLECT_CARTESIAN_PRODUCTS 
as COLLECT_CARTESIAN_PRODUCTS
  File "C:\Users\Samyukta\App
Data\Local\Programs\Python\Py
thon313\Lib\site-packages\sql
alchemy\sql\compiler.py", 
line 61, in <module>
    from . import crud
  File "C:\Users\Samyukta\App
Data\Local\Programs\Python\Py
thon313\Lib\site-packages\sql
alchemy\sql\crud.py", line 
34, in <module>
    from . import dml
  File "C:\Users\Samyukta\App
Data\Local\Programs\Python\Py
thon313\Lib\site-packages\sql
alchemy\sql\dml.py", line 
34, in <module>
    from . import util as 
sql_util
  File "C:\Users\Samyukta\App
Data\Local\Programs\Python\Py
thon313\Lib\site-packages\sql
alchemy\sql\util.py", line 
46, in <module>
    from .ddl import 
sort_tables as sort_tables  
# noqa: F401
    ^^^^^^^^^^^^^^^^^^^^^^^^^
^^^^^^^^^^^^^^^^^^
  File "C:\Users\Samyukta\App
Data\Local\Programs\Python\Py
thon313\Lib\site-packages\sql
alchemy\sql\ddl.py", line 
30, in <module>
    from .elements import 
ClauseElement
  File "C:\Users\Samyukta\App
Data\Local\Programs\Python\Py
thon313\Lib\site-packages\sql
alchemy\sql\elements.py", 
line 808, in <module>
    class SQLCoreOperations(G
eneric[_T_co], 
ColumnOperators, TypingOnly):
    ...<472 lines>...
                ...
  File "C:\Users\Samyukta\App
Data\Local\Programs\Python\Py
thon313\Lib\typing.py", line 
1257, in 
_generic_init_subclass
    super(Generic, cls).__ini
t_subclass__(*args, **kwargs)
    ~~~~~~~~~~~~~~~~~~~~~~~~~
~~~~~~~~~~~~^^^^^^^^^^^^^^^^^
  File "C:\Users\Samyukta\App
Data\Local\Programs\Python\Py
thon313\Lib\site-packages\sql
alchemy\util\langhelpers.py",
 line 1988, in 
__init_subclass__
    raise AssertionError(
    ...<2 lines>...
    )
AssertionError: Class <class 
'sqlalchemy.sql.elements.SQLC
oreOperations'> directly 
inherits TypingOnly but has 
additional attributes 
{'__static_attributes__', 
'__firstlineno__'}.
